TowerAirdrop/TowerAirdropApplication/build/outputs/mapping/alpha_release/seeds.txt
edu.neu.mhealth.qutang.towerairdrop.Constants$BUTTON_TYPE: edu.neu.mhealth.qutang.towerairdrop.Constants$BUTTON_TYPE[] values()
edu.neu.mhealth.qutang.towerairdrop.Constants$BUTTON_TYPE: edu.neu.mhealth.qutang.towerairdrop.Constants$BUTTON_TYPE valueOf(java.lang.String)
edu.neu.mhealth.qutang.towerairdrop.Constants$DIALOG_FROM: edu.neu.mhealth.qutang.towerairdrop.Constants$DIALOG_FROM[] values()
edu.neu.mhealth.qutang.towerairdrop.Constants$DIALOG_FROM: edu.neu.mhealth.qutang.towerairdrop.Constants$DIALOG_FROM valueOf(java.lang.String)
edu.neu.mhealth.qutang.towerairdrop.Constants$EMERGENCY_TYPE: edu.neu.mhealth.qutang.towerairdrop.Constants$EMERGENCY_TYPE[] values()
edu.neu.mhealth.qutang.towerairdrop.Constants$EMERGENCY_TYPE: edu.neu.mhealth.qutang.towerairdrop.Constants$EMERGENCY_TYPE valueOf(java.lang.String)
edu.neu.mhealth.qutang.towerairdrop.Constants$GAME_EVENTS: edu.neu.mhealth.qutang.towerairdrop.Constants$GAME_EVENTS[] values()
edu.neu.mhealth.qutang.towerairdrop.Constants$GAME_EVENTS: edu.neu.mhealth.qutang.towerairdrop.Constants$GAME_EVENTS valueOf(java.lang.String)
edu.neu.mhealth.qutang.towerairdrop.Constants$PAUSE_FROM: edu.neu.mhealth.qutang.towerairdrop.Constants$PAUSE_FROM[] values()
edu.neu.mhealth.qutang.towerairdrop.Constants$PAUSE_FROM: edu.neu.mhealth.qutang.towerairdrop.Constants$PAUSE_FROM valueOf(java.lang.String)
edu.neu.mhealth.qutang.towerairdrop.Constants$PROGRESS_TYPE: edu.neu.mhealth.qutang.towerairdrop.Constants$PROGRESS_TYPE[] values()
edu.neu.mhealth.qutang.towerairdrop.Constants$PROGRESS_TYPE: edu.neu.mhealth.qutang.towerairdrop.Constants$PROGRESS_TYPE valueOf(java.lang.String)
edu.neu.mhealth.qutang.towerairdrop.Constants$RESUME_FROM: edu.neu.mhealth.qutang.towerairdrop.Constants$RESUME_FROM[] values()
edu.neu.mhealth.qutang.towerairdrop.Constants$RESUME_FROM: edu.neu.mhealth.qutang.towerairdrop.Constants$RESUME_FROM valueOf(java.lang.String)
edu.neu.mhealth.qutang.towerairdrop.GameApplication
edu.neu.mhealth.qutang.towerairdrop.GameApplication: GameApplication()
edu.neu.mhealth.qutang.towerairdrop.GameView
edu.neu.mhealth.qutang.towerairdrop.GameView: float getPPM()
edu.neu.mhealth.qutang.towerairdrop.GameView: float getMPP()
edu.neu.mhealth.qutang.towerairdrop.GameView: edu.neu.mhealth.qutang.towerairdrop.physicalengine.objects.BoxObject getMainBox()
edu.neu.mhealth.qutang.towerairdrop.GameView: edu.neu.mhealth.qutang.towerairdrop.physicalengine.objects.TriangleObject getParachute()
edu.neu.mhealth.qutang.towerairdrop.GameView: edu.neu.mhealth.qutang.towerairdrop.RenderThread getRenderThread()
edu.neu.mhealth.qutang.towerairdrop.GameView: GameView(android.content.Context,android.util.AttributeSet)
edu.neu.mhealth.qutang.towerairdrop.GameView: edu.neu.mhealth.qutang.towerairdrop.physicalengine.objects.BoxObject getTestObject()
edu.neu.mhealth.qutang.towerairdrop.GameView: int getNextId()
edu.neu.mhealth.qutang.towerairdrop.R$anim: int cycle_7
edu.neu.mhealth.qutang.towerairdrop.R$anim: int shake
...
android.support.v4.app.BackStackState
android.support.v4.app.BackStackState: android.os.Parcelable$Creator CREATOR
android.support.v4.app.Fragment$SavedState
android.support.v4.app.Fragment$SavedState: android.os.Parcelable$Creator CREATOR
android.support.v4.app.FragmentManagerState
android.support.v4.app.FragmentManagerState: android.os.Parcelable$Creator CREATOR
android.support.v4.app.FragmentState
android.support.v4.app.FragmentState: android.os.Parcelable$Creator CREATOR
android.support.v4.app.FragmentTabHost: void setOnTabChangedListener(android.widget.TabHost$OnTabChangeListener)
android.support.v4.app.FragmentTabHost$SavedState
android.support.v4.app.FragmentTabHost$SavedState: android.os.Parcelable$Creator CREATOR
android.support.v4.content.ModernAsyncTask$Status: android.support.v4.content.ModernAsyncTask$Status[] values()
android.support.v4.content.ModernAsyncTask$Status: android.support.v4.content.ModernAsyncTask$Status valueOf(java.lang.String)
android.support.v4.media.MediaMetadataCompat
android.support.v4.media.MediaMetadataCompat: android.os.Parcelable$Creator CREATOR
android.support.v4.media.RatingCompat
android.support.v4.media.RatingCompat: android.os.Parcelable$Creator CREATOR
android.support.v4.media.session.MediaSessionCompat$Token
android.support.v4.media.session.MediaSessionCompat$Token: android.os.Parcelable$Creator CREATOR
android.support.v4.media.session.PlaybackStateCompat
android.support.v4.media.session.PlaybackStateCompat: android.os.Parcelable$Creator CREATOR
android.support.v4.view.PagerTabStrip: void setTabIndicatorColor(int)
android.support.v4.view.PagerTabStrip: void setTabIndicatorColorResource(int)
android.support.v4.view.PagerTabStrip: int getTabIndicatorColor()
android.support.v4.view.PagerTabStrip: void setTextSpacing(int)
android.support.v4.view.PagerTabStrip: void setBackgroundDrawable(android.graphics.drawable.Drawable)
android.support.v4.view.PagerTabStrip: void setBackgroundColor(int)
android.support.v4.view.PagerTabStrip: void setBackgroundResource(int)
android.support.v4.view.PagerTabStrip: void setDrawFullUnderline(boolean)
android.support.v4.view.PagerTabStrip: boolean getDrawFullUnderline()
android.support.v4.view.PagerTabStrip: int getMinHeight()
android.support.v4.view.PagerTitleStrip: void setSingleLineAllCaps(android.widget.TextView)
android.support.v4.view.PagerTitleStrip: void setTextSpacing(int)
android.support.v4.view.PagerTitleStrip: int getTextSpacing()
android.support.v4.view.PagerTitleStrip: void setNonPrimaryAlpha(float)
android.support.v4.view.PagerTitleStrip: void setTextColor(int)
android.support.v4.view.PagerTitleStrip: void setGravity(int)
android.support.v4.view.PagerTitleStrip: int getMinHeight()
android.support.v4.view.ViewPager: void setScrollState(int)
android.support.v4.view.ViewPager: void setAdapter(android.support.v4.view.PagerAdapter)
android.support.v4.view.ViewPager: android.support.v4.view.PagerAdapter getAdapter()
android.support.v4.view.ViewPager: void setOnAdapterChangeListener(android.support.v4.view.ViewPager$OnAdapterChangeListener)
android.support.v4.view.ViewPager: int getClientWidth()
android.support.v4.view.ViewPager: void setCurrentItem(int)
android.support.v4.view.ViewPager: int getCurrentItem()
android.support.v4.view.ViewPager: void setOnPageChangeListener(android.support.v4.view.ViewPager$OnPageChangeListener)
android.support.v4.view.ViewPager: void setChildrenDrawingOrderEnabledCompat(boolean)
android.support.v4.view.ViewPager: int getOffscreenPageLimit()
android.support.v4.view.ViewPager: void setOffscreenPageLimit(int)
android.support.v4.view.ViewPager: void setPageMargin(int)
android.support.v4.view.ViewPager: int getPageMargin()
android.support.v4.view.ViewPager: void setPageMarginDrawable(android.graphics.drawable.Drawable)
android.support.v4.view.ViewPager: void setPageMarginDrawable(int)
android.support.v4.view.ViewPager: void setScrollingCacheEnabled(boolean)