TowerAirdrop/TowerAirdropApplication/build/outputs/mapping/alpha_release/mapping.txt
edu.neu.mhealth.qutang.towerairdrop.Constants -> edu.neu.mhealth.qutang.towerairdrop.a:
    float LANDSCAPE_RANGE_INTERVAL_SHAKING -> a
    float LANDSCAPE_MIN_INTERVAL_SHAKING -> b
    float LANDSCAPE_RANGE_INTERVAL_TILT -> c
    float LANDSCAPE_MIN_INTERVAL_TILT -> d
    float CARRIER_SPEED -> e
    float LANDSCAPE_SPEED_TILTING -> f
    float LANDSCAPE_SPEED_SHAKING -> g
    float LANDSCAPE_UP_ACCEL -> h
    float MAX_TILT_SPEED -> i
    float MAX_TILT_ANGLE -> j
    float PARACHUTE_UP_SPEED -> k
    float PARACHUTE_DOWN_SPEED -> l
    float BOX_STACK_SPEED -> m
    float OBSTACLE_X_MIN_SPEED -> n
    float OBSTACLE_X_RANGE_SPEED -> o
    float OBSTACLE_Y_MIN_SPEED -> p
    float OBSTACLE_Y_RANGE_SPEED -> q
    float BOX_SHAKE_SPEED -> r
    org.jbox2d.common.Vec2 GRAVITY_FORCE_DEFAULT -> s
    org.jbox2d.common.Vec2 NO_GRAVITY -> t
    float PARACHUTE_FORCE_TILT -> u
    float BOX_FORCE_TILT -> v
    android.content.SharedPreferences SHAREDPREFERENCES -> w
edu.neu.mhealth.qutang.towerairdrop.Constants$BUTTON_TYPE -> edu.neu.mhealth.qutang.towerairdrop.b:
    edu.neu.mhealth.qutang.towerairdrop.Constants$BUTTON_TYPE SETTING -> a
    edu.neu.mhealth.qutang.towerairdrop.Constants$BUTTON_TYPE PAUSE -> b
    edu.neu.mhealth.qutang.towerairdrop.Constants$BUTTON_TYPE PLAY -> c
    edu.neu.mhealth.qutang.towerairdrop.Constants$BUTTON_TYPE QUIT -> d
    edu.neu.mhealth.qutang.towerairdrop.Constants$BUTTON_TYPE[] $VALUES -> e
    edu.neu.mhealth.qutang.towerairdrop.Constants$BUTTON_TYPE[] values() -> values
    edu.neu.mhealth.qutang.towerairdrop.Constants$BUTTON_TYPE valueOf(java.lang.String) -> valueOf
edu.neu.mhealth.qutang.towerairdrop.Constants$DIALOG_FROM -> edu.neu.mhealth.qutang.towerairdrop.c:
    edu.neu.mhealth.qutang.towerairdrop.Constants$DIALOG_FROM EMERGENCY -> a
    edu.neu.mhealth.qutang.towerairdrop.Constants$DIALOG_FROM PAUSE -> b
    edu.neu.mhealth.qutang.towerairdrop.Constants$DIALOG_FROM[] $VALUES -> c
    edu.neu.mhealth.qutang.towerairdrop.Constants$DIALOG_FROM[] values() -> values
    edu.neu.mhealth.qutang.towerairdrop.Constants$DIALOG_FROM valueOf(java.lang.String) -> valueOf
edu.neu.mhealth.qutang.towerairdrop.Constants$EMERGENCY_TYPE -> edu.neu.mhealth.qutang.towerairdrop.d:
    edu.neu.mhealth.qutang.towerairdrop.Constants$EMERGENCY_TYPE STUCK -> a
    edu.neu.mhealth.qutang.towerairdrop.Constants$EMERGENCY_TYPE BLIND -> b
    edu.neu.mhealth.qutang.towerairdrop.Constants$EMERGENCY_TYPE LIGHTNING -> c
    edu.neu.mhealth.qutang.towerairdrop.Constants$EMERGENCY_TYPE[] $VALUES -> d
    edu.neu.mhealth.qutang.towerairdrop.Constants$EMERGENCY_TYPE[] values() -> values
    edu.neu.mhealth.qutang.towerairdrop.Constants$EMERGENCY_TYPE valueOf(java.lang.String) -> valueOf
...
android.support.v4.app.Fragment$SavedState -> android.support.v4.app.Fragment$SavedState:
    android.os.Bundle mState -> a
    android.os.Parcelable$Creator CREATOR -> CREATOR
    int describeContents() -> describeContents
    void writeToParcel(android.os.Parcel,int) -> writeToParcel
android.support.v4.app.Fragment$SavedState$1 -> android.support.v4.app.m:
    android.support.v4.app.Fragment$SavedState createFromParcel(android.os.Parcel) -> a
    android.support.v4.app.Fragment$SavedState[] newArray(int) -> a
    java.lang.Object[] newArray(int) -> newArray
    java.lang.Object createFromParcel(android.os.Parcel) -> createFromParcel
android.support.v4.app.FragmentActivity -> android.support.v4.app.n:
    android.os.Handler mHandler -> a
    android.support.v4.app.FragmentManagerImpl mFragments -> b
    android.support.v4.app.FragmentContainer mContainer -> c
    boolean mCreated -> d
    boolean mResumed -> e
    boolean mStopped -> f
    boolean mReallyStopped -> g
    boolean mRetaining -> h
    boolean mOptionsMenuInvalidated -> i
    boolean mCheckedForLoaderManager -> j
    boolean mLoadersStarted -> k
    android.support.v4.util.SimpleArrayMap mAllLoaderManagers -> l
    android.support.v4.app.LoaderManagerImpl mLoaderManager -> m
    void onActivityResult(int,int,android.content.Intent) -> onActivityResult
    void onBackPressed() -> onBackPressed
    void supportFinishAfterTransition() -> a
    void onConfigurationChanged(android.content.res.Configuration) -> onConfigurationChanged
    void onCreate(android.os.Bundle) -> onCreate
    boolean onCreatePanelMenu(int,android.view.Menu) -> onCreatePanelMenu
    android.view.View onCreateView(java.lang.String,android.content.Context,android.util.AttributeSet) -> onCreateView
    void onDestroy() -> onDestroy
    boolean onKeyDown(int,android.view.KeyEvent) -> onKeyDown
    void onLowMemory() -> onLowMemory
    boolean onMenuItemSelected(int,android.view.MenuItem) -> onMenuItemSelected
    void onPanelClosed(int,android.view.Menu) -> onPanelClosed
    void onPause() -> onPause
    void onNewIntent(android.content.Intent) -> onNewIntent
android.support.v4.app.FragmentActivity$NonConfigurationInstances -> android.support.v4.app.o:
    java.lang.Object activity -> a
    java.lang.Object custom -> b
    android.support.v4.util.SimpleArrayMap children -> c
    java.util.ArrayList fragments -> d
    android.support.v4.util.SimpleArrayMap loaders -> e
android.support.v4.app.FragmentContainer -> android.support.v4.app.p:
    android.view.View findViewById(int) -> a
    boolean hasView() -> a
android.support.v4.app.FragmentManager -> android.support.v4.app.q:
    android.support.v4.app.FragmentTransaction beginTransaction() -> a
    boolean executePendingTransactions() -> b
    android.support.v4.app.Fragment findFragmentByTag(java.lang.String) -> a
android.support.v4.app.FragmentManager$OnBackStackChangedListener -> android.support.v4.app.r:
    void onBackStackChanged() -> a