TowerAirdrop/TowerAirdropApplication/build/outputs/mapping/alpha_release/usage.txt
edu.neu.mhealth.qutang.towerairdrop.BuildConfig
edu.neu.mhealth.qutang.towerairdrop.Constants:
    public static final java.lang.String TILT_STABLE
    public static final java.lang.String TILT_LEFT
    public static final java.lang.String TILT_RIGHT
    public static final int INIT_SCENARIO
    public static final int SHAKING_SCENARIO
    public static final int TILTING_SCENARIO
    public static final int GAME_OVER_SCENARIO
    public static final int SPEED_SHRESHOLD
    public static final int UPTATE_INTERVAL_TIME
    public static final int INSTRUCTION_SPEED_SHRESHOLD
    public static final int INSTRUCTION_INTERVAL_TIME
    public static final float BASELINE_SCREEN_WIDTH
    public static final float BASELINE_SCREEN_HEIGHT
    public static final int BASE_BOX_SCORE
    public static final int INCREASED_BOX_SCORE
    public static final int SCORE_INCREASE_INTERVAL
    public static final int BASE_TILT_TIME
    public static final int INCREASED_TILT_TIME
    public static final int TILT_TIME_INCREASE_INTERVAL
    public static final float BASE_TILT_OFFSET
    public static final float INCREASED_TILT_OFFSET
    public static final float TILT_OFFSET_INCREASE_INTERVAL
    public static final float BASE_SHAKE_SENSITIVITY
    public static final float DECREASED_SHAKE_SENSITIVITY
    public static final float SHAKE_SENSITIVITY_CHANGE_INTERVAL
    public static final float MIN_SHAKE_SENSITIVITY
    public static final float BASE_SHAKE_PROGRESS
    public static final float DECREASED_SHAKE_PROGRESS
edu.neu.mhealth.qutang.towerairdrop.GameMusicPlayer:
    16:16:public GameMusicPlayer()
    67:70:public static boolean isPlayingBackgroundMusic()
edu.neu.mhealth.qutang.towerairdrop.GameView:
    47:47:public static float screenToWorld(float)
    55:55:public static float worldToScreen(float)
edu.neu.mhealth.qutang.towerairdrop.R
edu.neu.mhealth.qutang.towerairdrop.R$anim
edu.neu.mhealth.qutang.towerairdrop.R$attr
edu.neu.mhealth.qutang.towerairdrop.R$color
edu.neu.mhealth.qutang.towerairdrop.R$dimen
edu.neu.mhealth.qutang.towerairdrop.R$drawable
edu.neu.mhealth.qutang.towerairdrop.R$id
edu.neu.mhealth.qutang.towerairdrop.R$layout
edu.neu.mhealth.qutang.towerairdrop.R$menu
edu.neu.mhealth.qutang.towerairdrop.R$raw
edu.neu.mhealth.qutang.towerairdrop.R$string
edu.neu.mhealth.qutang.towerairdrop.R$style
edu.neu.mhealth.qutang.towerairdrop.R$xml
edu.neu.mhealth.qutang.towerairdrop.RenderThread:
    49:49:public boolean isRunning()
edu.neu.mhealth.qutang.towerairdrop.activities.GameSettingActivity:
    private static final java.lang.String OPT_MUSIC
    private static final boolean OPT_MUSIC_DEF
    private static final java.lang.String OPT_VIBRATION
    private static final boolean OPT_VIBRATION_DEF
    private static final java.lang.String OPT_INSTRUCTION
    private static final boolean OPT_OPT_INSTRUCTION_DEF
edu.neu.mhealth.qutang.towerairdrop.physicalengine.BaseEventHandler:
    private static final java.lang.String TAG
    private edu.neu.mhealth.qutang.towerairdrop.physicalengine.objects.BoxObject testLand
    1142:1143:public void handleTilting(java.lang.String)
    1147:1147:public void handleFeedback()
edu.neu.mhealth.qutang.towerairdrop.physicalengine.BodyQueue
edu.neu.mhealth.qutang.towerairdrop.physicalengine.Physics:
    28:173:public Physics()
    71:72:public static void addDestroyQueue(edu.neu.mhealth.qutang.towerairdrop.physicalengine.BodyQueue)
    82:82:public static org.jbox2d.common.Vec2 getGravity()
    123:123:public static void onWorldCreated()
    128:170:public static void testBox2D()
edu.neu.mhealth.qutang.towerairdrop.physicalengine.Physics$PhysicsThread:
    192:192:public boolean isRunning()
    196:196:public boolean isPaused()
    206:209:public org.jbox2d.common.Vec2 getGravity()
...
android.support.v4.app.NotificationCompatBase$Action
android.support.v4.app.NotificationCompatBase$Action$Factory
android.support.v4.app.NotificationCompatBase$UnreadConversation
android.support.v4.app.NotificationCompatBase$UnreadConversation$Factory
android.support.v4.app.NotificationCompatExtras
android.support.v4.app.NotificationCompatGingerbread
android.support.v4.app.NotificationCompatHoneycomb
android.support.v4.app.NotificationCompatIceCreamSandwich
android.support.v4.app.NotificationCompatJellybean
android.support.v4.app.NotificationCompatJellybean$Builder
android.support.v4.app.NotificationCompatKitKat
android.support.v4.app.NotificationCompatKitKat$Builder
android.support.v4.app.NotificationCompatSideChannelService
android.support.v4.app.NotificationCompatSideChannelService$1
android.support.v4.app.NotificationCompatSideChannelService$NotificationSideChannelStub
android.support.v4.app.NotificationManagerCompat
android.support.v4.app.NotificationManagerCompat$CancelTask
android.support.v4.app.NotificationManagerCompat$Impl
android.support.v4.app.NotificationManagerCompat$ImplBase
android.support.v4.app.NotificationManagerCompat$ImplEclair
android.support.v4.app.NotificationManagerCompat$ImplIceCreamSandwich
android.support.v4.app.NotificationManagerCompat$NotifyTask
android.support.v4.app.NotificationManagerCompat$ServiceConnectedEvent
android.support.v4.app.NotificationManagerCompat$SideChannelManager
android.support.v4.app.NotificationManagerCompat$SideChannelManager$ListenerRecord
android.support.v4.app.NotificationManagerCompat$Task
android.support.v4.app.NotificationManagerCompatEclair
android.support.v4.app.NotificationManagerCompatIceCreamSandwich
android.support.v4.app.RemoteInput
android.support.v4.app.RemoteInput$1
android.support.v4.app.RemoteInput$Builder
android.support.v4.app.RemoteInput$Impl
android.support.v4.app.RemoteInput$ImplApi20
android.support.v4.app.RemoteInput$ImplBase
android.support.v4.app.RemoteInput$ImplJellybean
android.support.v4.app.RemoteInputCompatApi20
android.support.v4.app.RemoteInputCompatBase
android.support.v4.app.RemoteInputCompatBase$RemoteInput
android.support.v4.app.RemoteInputCompatBase$RemoteInput$Factory
android.support.v4.app.RemoteInputCompatJellybean
android.support.v4.app.ServiceCompat
android.support.v4.app.ShareCompat
android.support.v4.app.ShareCompat$IntentBuilder
android.support.v4.app.ShareCompat$IntentReader
android.support.v4.app.ShareCompat$ShareCompatImpl
android.support.v4.app.ShareCompat$ShareCompatImplBase
android.support.v4.app.ShareCompat$ShareCompatImplICS
android.support.v4.app.ShareCompat$ShareCompatImplJB
android.support.v4.app.ShareCompatICS
android.support.v4.app.ShareCompatJB
android.support.v4.app.SharedElementCallback:
    private android.graphics.Matrix mTempMatrix
    39:39:public SharedElementCallback()
    106:106:public void onRejectSharedElements(java.util.List)
    141:155:public android.os.Parcelable onCaptureSharedElementSnapshot(android.view.View,android.graphics.Matrix,android.graphics.RectF)
    176:182:public android.view.View onCreateSnapshotView(android.content.Context,android.os.Parcelable)
android.support.v4.app.TaskStackBuilder
android.support.v4.app.TaskStackBuilder$SupportParentable
android.support.v4.app.TaskStackBuilder$TaskStackBuilderImpl
android.support.v4.app.TaskStackBuilder$TaskStackBuilderImplBase
android.support.v4.app.TaskStackBuilder$TaskStackBuilderImplHoneycomb
android.support.v4.app.TaskStackBuilder$TaskStackBuilderImplJellybean
android.support.v4.app.TaskStackBuilderHoneycomb
android.support.v4.app.TaskStackBuilderJellybean
android.support.v4.content.AsyncTaskLoader
android.support.v4.content.AsyncTaskLoader$LoadTask